{"/Users/rmandal/Desktop/api-project/boilerplate-project-exercisetracker/index.js": {"path":"/Users/rmandal/Desktop/api-project/boilerplate-project-exercisetracker/index.js","statementMap":{"0":{"start":{"line":1,"column":16},"end":{"line":1,"column":34}},"1":{"start":{"line":2,"column":13},"end":{"line":2,"column":28}},"2":{"start":{"line":3,"column":19},"end":{"line":3,"column":41}},"3":{"start":{"line":4,"column":0},"end":{"line":4,"column":27}},"4":{"start":{"line":6,"column":26},"end":{"line":6,"column":62}},"5":{"start":{"line":7,"column":18},"end":{"line":7,"column":45}},"6":{"start":{"line":8,"column":42},"end":{"line":8,"column":82}},"7":{"start":{"line":11,"column":12},"end":{"line":11,"column":21}},"8":{"start":{"line":14,"column":0},"end":{"line":19,"column":1}},"9":{"start":{"line":15,"column":2},"end":{"line":15,"column":18}},"10":{"start":{"line":17,"column":2},"end":{"line":17,"column":57}},"11":{"start":{"line":18,"column":2},"end":{"line":18,"column":18}},"12":{"start":{"line":22,"column":0},"end":{"line":22,"column":16}},"13":{"start":{"line":23,"column":0},"end":{"line":23,"column":52}},"14":{"start":{"line":24,"column":0},"end":{"line":24,"column":27}},"15":{"start":{"line":25,"column":0},"end":{"line":25,"column":34}},"16":{"start":{"line":28,"column":0},"end":{"line":30,"column":3}},"17":{"start":{"line":29,"column":2},"end":{"line":29,"column":48}},"18":{"start":{"line":33,"column":0},"end":{"line":33,"column":27}},"19":{"start":{"line":36,"column":0},"end":{"line":36,"column":25}},"20":{"start":{"line":39,"column":0},"end":{"line":39,"column":22}},"21":{"start":{"line":42,"column":0},"end":{"line":47,"column":1}},"22":{"start":{"line":43,"column":15},"end":{"line":43,"column":39}},"23":{"start":{"line":44,"column":19},"end":{"line":46,"column":4}},"24":{"start":{"line":45,"column":4},"end":{"line":45,"column":78}},"25":{"start":{"line":49,"column":0},"end":{"line":49,"column":21}}},"fnMap":{"0":{"name":"(anonymous_0)","decl":{"start":{"line":28,"column":13},"end":{"line":28,"column":14}},"loc":{"start":{"line":28,"column":27},"end":{"line":30,"column":1}},"line":28},"1":{"name":"(anonymous_1)","decl":{"start":{"line":44,"column":36},"end":{"line":44,"column":37}},"loc":{"start":{"line":44,"column":42},"end":{"line":46,"column":3}},"line":44}},"branchMap":{"0":{"loc":{"start":{"line":42,"column":0},"end":{"line":47,"column":1}},"type":"if","locations":[{"start":{"line":42,"column":0},"end":{"line":47,"column":1}},{"start":{},"end":{}}],"line":42},"1":{"loc":{"start":{"line":43,"column":15},"end":{"line":43,"column":39}},"type":"binary-expr","locations":[{"start":{"line":43,"column":15},"end":{"line":43,"column":31}},{"start":{"line":43,"column":35},"end":{"line":43,"column":39}}],"line":43}},"s":{"0":1,"1":1,"2":1,"3":1,"4":1,"5":1,"6":1,"7":1,"8":1,"9":1,"10":0,"11":0,"12":1,"13":1,"14":1,"15":1,"16":1,"17":0,"18":1,"19":1,"20":1,"21":1,"22":0,"23":0,"24":0,"25":1},"f":{"0":0,"1":0},"b":{"0":[0,1],"1":[0,0]},"_coverageSchema":"1a1c01bbd47fc00a2c39e90264f33305004495a9","hash":"58c665f1ca58a24c8e22f6cce58c900e7cd092a1"}
,"/Users/rmandal/Desktop/api-project/boilerplate-project-exercisetracker/src/controllers/index.js": {"path":"/Users/rmandal/Desktop/api-project/boilerplate-project-exercisetracker/src/controllers/index.js","statementMap":{"0":{"start":{"line":1,"column":20},"end":{"line":1,"column":54}},"1":{"start":{"line":2,"column":24},"end":{"line":2,"column":62}},"2":{"start":{"line":15,"column":2},"end":{"line":25,"column":3}},"3":{"start":{"line":16,"column":25},"end":{"line":16,"column":33}},"4":{"start":{"line":17,"column":17},"end":{"line":17,"column":49}},"5":{"start":{"line":19,"column":4},"end":{"line":22,"column":7}},"6":{"start":{"line":24,"column":4},"end":{"line":24,"column":16}},"7":{"start":{"line":32,"column":2},"end":{"line":37,"column":3}},"8":{"start":{"line":33,"column":18},"end":{"line":33,"column":43}},"9":{"start":{"line":34,"column":4},"end":{"line":34,"column":20}},"10":{"start":{"line":36,"column":4},"end":{"line":36,"column":16}},"11":{"start":{"line":46,"column":2},"end":{"line":65,"column":3}},"12":{"start":{"line":47,"column":19},"end":{"line":47,"column":33}},"13":{"start":{"line":48,"column":44},"end":{"line":48,"column":52}},"14":{"start":{"line":50,"column":19},"end":{"line":54,"column":6}},"15":{"start":{"line":56,"column":4},"end":{"line":62,"column":7}},"16":{"start":{"line":64,"column":4},"end":{"line":64,"column":16}},"17":{"start":{"line":72,"column":2},"end":{"line":90,"column":3}},"18":{"start":{"line":73,"column":19},"end":{"line":73,"column":33}},"19":{"start":{"line":74,"column":32},"end":{"line":74,"column":41}},"20":{"start":{"line":76,"column":19},"end":{"line":80,"column":6}},"21":{"start":{"line":82,"column":4},"end":{"line":87,"column":7}},"22":{"start":{"line":89,"column":4},"end":{"line":89,"column":16}},"23":{"start":{"line":93,"column":0},"end":{"line":98,"column":2}}},"fnMap":{"0":{"name":"createUser","decl":{"start":{"line":14,"column":9},"end":{"line":14,"column":19}},"loc":{"start":{"line":14,"column":36},"end":{"line":26,"column":1}},"line":14},"1":{"name":"getAllUsers","decl":{"start":{"line":31,"column":9},"end":{"line":31,"column":20}},"loc":{"start":{"line":31,"column":37},"end":{"line":38,"column":1}},"line":31},"2":{"name":"createExercise","decl":{"start":{"line":45,"column":9},"end":{"line":45,"column":23}},"loc":{"start":{"line":45,"column":40},"end":{"line":66,"column":1}},"line":45},"3":{"name":"getExerciseLogs","decl":{"start":{"line":71,"column":9},"end":{"line":71,"column":24}},"loc":{"start":{"line":71,"column":41},"end":{"line":91,"column":1}},"line":71}},"branchMap":{},"s":{"0":1,"1":1,"2":29,"3":29,"4":29,"5":25,"6":4,"7":2,"8":2,"9":2,"10":0,"11":40,"12":40,"13":40,"14":40,"15":32,"16":8,"17":10,"18":10,"19":10,"20":10,"21":7,"22":3,"23":1},"f":{"0":29,"1":2,"2":40,"3":10},"b":{},"_coverageSchema":"1a1c01bbd47fc00a2c39e90264f33305004495a9","hash":"34bc177b6bbf54df1b6ca4005db9b880952833bf"}
,"/Users/rmandal/Desktop/api-project/boilerplate-project-exercisetracker/src/database/db.js": {"path":"/Users/rmandal/Desktop/api-project/boilerplate-project-exercisetracker/src/database/db.js","statementMap":{"0":{"start":{"line":1,"column":17},"end":{"line":1,"column":42}},"1":{"start":{"line":2,"column":13},"end":{"line":2,"column":28}},"2":{"start":{"line":5,"column":11},"end":{"line":7,"column":2}},"3":{"start":{"line":10,"column":0},"end":{"line":10,"column":31}},"4":{"start":{"line":12,"column":0},"end":{"line":12,"column":20}}},"fnMap":{},"branchMap":{"0":{"loc":{"start":{"line":6,"column":11},"end":{"line":6,"column":70}},"type":"cond-expr","locations":[{"start":{"line":6,"column":52},"end":{"line":6,"column":63}},{"start":{"line":6,"column":66},"end":{"line":6,"column":70}}],"line":6}},"s":{"0":1,"1":1,"2":1,"3":1,"4":1},"f":{},"b":{"0":[0,1]},"_coverageSchema":"1a1c01bbd47fc00a2c39e90264f33305004495a9","hash":"1b0238369fef5e2616226afa9df256aaf59364b3"}
,"/Users/rmandal/Desktop/api-project/boilerplate-project-exercisetracker/src/database/migrations.js": {"path":"/Users/rmandal/Desktop/api-project/boilerplate-project-exercisetracker/src/database/migrations.js","statementMap":{"0":{"start":{"line":1,"column":11},"end":{"line":1,"column":26}},"1":{"start":{"line":7,"column":2},"end":{"line":46,"column":3}},"2":{"start":{"line":9,"column":4},"end":{"line":15,"column":7}},"3":{"start":{"line":18,"column":4},"end":{"line":28,"column":7}},"4":{"start":{"line":31,"column":4},"end":{"line":34,"column":7}},"5":{"start":{"line":37,"column":4},"end":{"line":40,"column":7}},"6":{"start":{"line":42,"column":4},"end":{"line":42,"column":64}},"7":{"start":{"line":44,"column":4},"end":{"line":44,"column":65}},"8":{"start":{"line":45,"column":4},"end":{"line":45,"column":16}},"9":{"start":{"line":49,"column":0},"end":{"line":49,"column":35}}},"fnMap":{"0":{"name":"runMigrations","decl":{"start":{"line":6,"column":9},"end":{"line":6,"column":22}},"loc":{"start":{"line":6,"column":25},"end":{"line":47,"column":1}},"line":6}},"branchMap":{},"s":{"0":1,"1":1,"2":1,"3":1,"4":1,"5":1,"6":1,"7":0,"8":0,"9":1},"f":{"0":1},"b":{},"_coverageSchema":"1a1c01bbd47fc00a2c39e90264f33305004495a9","hash":"65e2fafad4a4c392d134f59651c1934370428247"}
,"/Users/rmandal/Desktop/api-project/boilerplate-project-exercisetracker/src/middleware/errorHandler.js": {"path":"/Users/rmandal/Desktop/api-project/boilerplate-project-exercisetracker/src/middleware/errorHandler.js","statementMap":{"0":{"start":{"line":7,"column":19},"end":{"line":7,"column":40}},"1":{"start":{"line":8,"column":16},"end":{"line":8,"column":54}},"2":{"start":{"line":11,"column":2},"end":{"line":23,"column":3}},"3":{"start":{"line":12,"column":4},"end":{"line":12,"column":21}},"4":{"start":{"line":13,"column":4},"end":{"line":17,"column":5}},"5":{"start":{"line":14,"column":6},"end":{"line":14,"column":42}},"6":{"start":{"line":16,"column":6},"end":{"line":16,"column":48}},"7":{"start":{"line":18,"column":9},"end":{"line":23,"column":3}},"8":{"start":{"line":19,"column":4},"end":{"line":19,"column":21}},"9":{"start":{"line":20,"column":4},"end":{"line":20,"column":40}},"10":{"start":{"line":22,"column":4},"end":{"line":22,"column":42}},"11":{"start":{"line":26,"column":2},"end":{"line":28,"column":3}},"12":{"start":{"line":27,"column":4},"end":{"line":27,"column":38}},"13":{"start":{"line":31,"column":2},"end":{"line":33,"column":3}},"14":{"start":{"line":32,"column":4},"end":{"line":32,"column":33}},"15":{"start":{"line":35,"column":2},"end":{"line":37,"column":5}},"16":{"start":{"line":44,"column":2},"end":{"line":46,"column":5}},"17":{"start":{"line":49,"column":0},"end":{"line":52,"column":2}}},"fnMap":{"0":{"name":"errorHandler","decl":{"start":{"line":5,"column":9},"end":{"line":5,"column":21}},"loc":{"start":{"line":5,"column":43},"end":{"line":38,"column":1}},"line":5},"1":{"name":"notFoundHandler","decl":{"start":{"line":43,"column":9},"end":{"line":43,"column":24}},"loc":{"start":{"line":43,"column":41},"end":{"line":47,"column":1}},"line":43}},"branchMap":{"0":{"loc":{"start":{"line":7,"column":19},"end":{"line":7,"column":40}},"type":"binary-expr","locations":[{"start":{"line":7,"column":19},"end":{"line":7,"column":33}},{"start":{"line":7,"column":37},"end":{"line":7,"column":40}}],"line":7},"1":{"loc":{"start":{"line":8,"column":16},"end":{"line":8,"column":54}},"type":"binary-expr","locations":[{"start":{"line":8,"column":16},"end":{"line":8,"column":27}},{"start":{"line":8,"column":31},"end":{"line":8,"column":54}}],"line":8},"2":{"loc":{"start":{"line":11,"column":2},"end":{"line":23,"column":3}},"type":"if","locations":[{"start":{"line":11,"column":2},"end":{"line":23,"column":3}},{"start":{"line":18,"column":9},"end":{"line":23,"column":3}}],"line":11},"3":{"loc":{"start":{"line":11,"column":6},"end":{"line":11,"column":81}},"type":"binary-expr","locations":[{"start":{"line":11,"column":6},"end":{"line":11,"column":45}},{"start":{"line":11,"column":49},"end":{"line":11,"column":81}}],"line":11},"4":{"loc":{"start":{"line":13,"column":4},"end":{"line":17,"column":5}},"type":"if","locations":[{"start":{"line":13,"column":4},"end":{"line":17,"column":5}},{"start":{"line":15,"column":11},"end":{"line":17,"column":5}}],"line":13},"5":{"loc":{"start":{"line":18,"column":9},"end":{"line":23,"column":3}},"type":"if","locations":[{"start":{"line":18,"column":9},"end":{"line":23,"column":3}},{"start":{},"end":{}}],"line":18},"6":{"loc":{"start":{"line":18,"column":13},"end":{"line":18,"column":55}},"type":"binary-expr","locations":[{"start":{"line":18,"column":13},"end":{"line":18,"column":21}},{"start":{"line":18,"column":25},"end":{"line":18,"column":55}}],"line":18},"7":{"loc":{"start":{"line":26,"column":2},"end":{"line":28,"column":3}},"type":"if","locations":[{"start":{"line":26,"column":2},"end":{"line":28,"column":3}},{"start":{},"end":{}}],"line":26},"8":{"loc":{"start":{"line":26,"column":6},"end":{"line":26,"column":87}},"type":"binary-expr","locations":[{"start":{"line":26,"column":6},"end":{"line":26,"column":24}},{"start":{"line":26,"column":28},"end":{"line":26,"column":65}},{"start":{"line":26,"column":69},"end":{"line":26,"column":87}}],"line":26},"9":{"loc":{"start":{"line":31,"column":2},"end":{"line":33,"column":3}},"type":"if","locations":[{"start":{"line":31,"column":2},"end":{"line":33,"column":3}},{"start":{},"end":{}}],"line":31}},"s":{"0":15,"1":15,"2":15,"3":0,"4":0,"5":0,"6":0,"7":15,"8":0,"9":0,"10":0,"11":15,"12":0,"13":15,"14":0,"15":15,"16":0,"17":1},"f":{"0":15,"1":0},"b":{"0":[15,0],"1":[15,0],"2":[0,15],"3":[15,15],"4":[0,0],"5":[0,15],"6":[15,0],"7":[0,15],"8":[15,0,0],"9":[0,15]},"_coverageSchema":"1a1c01bbd47fc00a2c39e90264f33305004495a9","hash":"0f8f2667ff0d401a77c4c5608508bb440b26c271"}
,"/Users/rmandal/Desktop/api-project/boilerplate-project-exercisetracker/src/models/Exercise.js": {"path":"/Users/rmandal/Desktop/api-project/boilerplate-project-exercisetracker/src/models/Exercise.js","statementMap":{"0":{"start":{"line":1,"column":11},"end":{"line":1,"column":36}},"1":{"start":{"line":18,"column":17},"end":{"line":21,"column":6}},"2":{"start":{"line":22,"column":19},"end":{"line":22,"column":64}},"3":{"start":{"line":24,"column":4},"end":{"line":30,"column":6}},"4":{"start":{"line":43,"column":16},"end":{"line":43,"column":89}},"5":{"start":{"line":44,"column":19},"end":{"line":44,"column":27}},"6":{"start":{"line":47,"column":4},"end":{"line":50,"column":5}},"7":{"start":{"line":48,"column":6},"end":{"line":48,"column":32}},"8":{"start":{"line":49,"column":6},"end":{"line":49,"column":32}},"9":{"start":{"line":52,"column":4},"end":{"line":55,"column":5}},"10":{"start":{"line":53,"column":6},"end":{"line":53,"column":32}},"11":{"start":{"line":54,"column":6},"end":{"line":54,"column":30}},"12":{"start":{"line":58,"column":4},"end":{"line":58,"column":35}},"13":{"start":{"line":61,"column":4},"end":{"line":64,"column":5}},"14":{"start":{"line":62,"column":6},"end":{"line":62,"column":26}},"15":{"start":{"line":63,"column":6},"end":{"line":63,"column":33}},"16":{"start":{"line":66,"column":17},"end":{"line":66,"column":34}},"17":{"start":{"line":67,"column":4},"end":{"line":67,"column":31}},"18":{"start":{"line":79,"column":16},"end":{"line":79,"column":75}},"19":{"start":{"line":80,"column":19},"end":{"line":80,"column":27}},"20":{"start":{"line":82,"column":4},"end":{"line":85,"column":5}},"21":{"start":{"line":83,"column":6},"end":{"line":83,"column":32}},"22":{"start":{"line":84,"column":6},"end":{"line":84,"column":32}},"23":{"start":{"line":87,"column":4},"end":{"line":90,"column":5}},"24":{"start":{"line":88,"column":6},"end":{"line":88,"column":32}},"25":{"start":{"line":89,"column":6},"end":{"line":89,"column":30}},"26":{"start":{"line":92,"column":17},"end":{"line":92,"column":34}},"27":{"start":{"line":93,"column":19},"end":{"line":93,"column":38}},"28":{"start":{"line":94,"column":4},"end":{"line":94,"column":24}},"29":{"start":{"line":98,"column":0},"end":{"line":98,"column":31}}},"fnMap":{"0":{"name":"(anonymous_0)","decl":{"start":{"line":17,"column":2},"end":{"line":17,"column":3}},"loc":{"start":{"line":17,"column":57},"end":{"line":31,"column":3}},"line":17},"1":{"name":"(anonymous_1)","decl":{"start":{"line":42,"column":2},"end":{"line":42,"column":3}},"loc":{"start":{"line":42,"column":44},"end":{"line":68,"column":3}},"line":42},"2":{"name":"(anonymous_2)","decl":{"start":{"line":78,"column":2},"end":{"line":78,"column":3}},"loc":{"start":{"line":78,"column":45},"end":{"line":95,"column":3}},"line":78}},"branchMap":{"0":{"loc":{"start":{"line":42,"column":30},"end":{"line":42,"column":42}},"type":"default-arg","locations":[{"start":{"line":42,"column":40},"end":{"line":42,"column":42}}],"line":42},"1":{"loc":{"start":{"line":47,"column":4},"end":{"line":50,"column":5}},"type":"if","locations":[{"start":{"line":47,"column":4},"end":{"line":50,"column":5}},{"start":{},"end":{}}],"line":47},"2":{"loc":{"start":{"line":52,"column":4},"end":{"line":55,"column":5}},"type":"if","locations":[{"start":{"line":52,"column":4},"end":{"line":55,"column":5}},{"start":{},"end":{}}],"line":52},"3":{"loc":{"start":{"line":61,"column":4},"end":{"line":64,"column":5}},"type":"if","locations":[{"start":{"line":61,"column":4},"end":{"line":64,"column":5}},{"start":{},"end":{}}],"line":61},"4":{"loc":{"start":{"line":78,"column":31},"end":{"line":78,"column":43}},"type":"default-arg","locations":[{"start":{"line":78,"column":41},"end":{"line":78,"column":43}}],"line":78},"5":{"loc":{"start":{"line":82,"column":4},"end":{"line":85,"column":5}},"type":"if","locations":[{"start":{"line":82,"column":4},"end":{"line":85,"column":5}},{"start":{},"end":{}}],"line":82},"6":{"loc":{"start":{"line":87,"column":4},"end":{"line":90,"column":5}},"type":"if","locations":[{"start":{"line":87,"column":4},"end":{"line":90,"column":5}},{"start":{},"end":{}}],"line":87}},"s":{"0":1,"1":32,"2":32,"3":32,"4":7,"5":7,"6":7,"7":3,"8":3,"9":7,"10":3,"11":3,"12":7,"13":7,"14":2,"15":2,"16":7,"17":7,"18":7,"19":7,"20":7,"21":3,"22":3,"23":7,"24":3,"25":3,"26":7,"27":7,"28":7,"29":1},"f":{"0":32,"1":7,"2":7},"b":{"0":[0],"1":[3,4],"2":[3,4],"3":[2,5],"4":[0],"5":[3,4],"6":[3,4]},"_coverageSchema":"1a1c01bbd47fc00a2c39e90264f33305004495a9","hash":"8874225b03dafd1acc62f2d4399564fc2cec93f7"}
,"/Users/rmandal/Desktop/api-project/boilerplate-project-exercisetracker/src/models/User.js": {"path":"/Users/rmandal/Desktop/api-project/boilerplate-project-exercisetracker/src/models/User.js","statementMap":{"0":{"start":{"line":1,"column":11},"end":{"line":1,"column":36}},"1":{"start":{"line":14,"column":17},"end":{"line":14,"column":70}},"2":{"start":{"line":15,"column":19},"end":{"line":15,"column":37}},"3":{"start":{"line":16,"column":4},"end":{"line":19,"column":6}},"4":{"start":{"line":28,"column":17},"end":{"line":28,"column":74}},"5":{"start":{"line":29,"column":4},"end":{"line":29,"column":24}},"6":{"start":{"line":38,"column":17},"end":{"line":38,"column":80}},"7":{"start":{"line":39,"column":4},"end":{"line":39,"column":30}},"8":{"start":{"line":47,"column":17},"end":{"line":47,"column":73}},"9":{"start":{"line":48,"column":4},"end":{"line":48,"column":22}},"10":{"start":{"line":57,"column":17},"end":{"line":57,"column":79}},"11":{"start":{"line":58,"column":19},"end":{"line":58,"column":31}},"12":{"start":{"line":59,"column":4},"end":{"line":59,"column":28}},"13":{"start":{"line":63,"column":0},"end":{"line":63,"column":27}}},"fnMap":{"0":{"name":"(anonymous_0)","decl":{"start":{"line":13,"column":2},"end":{"line":13,"column":3}},"loc":{"start":{"line":13,"column":26},"end":{"line":20,"column":3}},"line":13},"1":{"name":"(anonymous_1)","decl":{"start":{"line":27,"column":2},"end":{"line":27,"column":3}},"loc":{"start":{"line":27,"column":22},"end":{"line":30,"column":3}},"line":27},"2":{"name":"(anonymous_2)","decl":{"start":{"line":37,"column":2},"end":{"line":37,"column":3}},"loc":{"start":{"line":37,"column":34},"end":{"line":40,"column":3}},"line":37},"3":{"name":"(anonymous_3)","decl":{"start":{"line":46,"column":2},"end":{"line":46,"column":3}},"loc":{"start":{"line":46,"column":19},"end":{"line":49,"column":3}},"line":46},"4":{"name":"(anonymous_4)","decl":{"start":{"line":56,"column":2},"end":{"line":56,"column":3}},"loc":{"start":{"line":56,"column":20},"end":{"line":60,"column":3}},"line":56}},"branchMap":{},"s":{"0":1,"1":25,"2":25,"3":25,"4":41,"5":41,"6":26,"7":26,"8":2,"9":2,"10":0,"11":0,"12":0,"13":1},"f":{"0":25,"1":41,"2":26,"3":2,"4":0},"b":{},"_coverageSchema":"1a1c01bbd47fc00a2c39e90264f33305004495a9","hash":"b54c6dccb1536e937c0dfea8638081603d9f1862"}
,"/Users/rmandal/Desktop/api-project/boilerplate-project-exercisetracker/src/routes/api.js": {"path":"/Users/rmandal/Desktop/api-project/boilerplate-project-exercisetracker/src/routes/api.js","statementMap":{"0":{"start":{"line":1,"column":16},"end":{"line":1,"column":34}},"1":{"start":{"line":7,"column":4},"end":{"line":7,"column":29}},"2":{"start":{"line":9,"column":15},"end":{"line":9,"column":31}},"3":{"start":{"line":12,"column":0},"end":{"line":12,"column":34}},"4":{"start":{"line":13,"column":0},"end":{"line":13,"column":34}},"5":{"start":{"line":16,"column":0},"end":{"line":16,"column":53}},"6":{"start":{"line":17,"column":0},"end":{"line":17,"column":48}},"7":{"start":{"line":19,"column":0},"end":{"line":19,"column":24}}},"fnMap":{},"branchMap":{},"s":{"0":1,"1":1,"2":1,"3":1,"4":1,"5":1,"6":1,"7":1},"f":{},"b":{},"_coverageSchema":"1a1c01bbd47fc00a2c39e90264f33305004495a9","hash":"fab53de86ad043bf466484788e551b9f3131c45c"}
,"/Users/rmandal/Desktop/api-project/boilerplate-project-exercisetracker/src/services/exerciseService.js": {"path":"/Users/rmandal/Desktop/api-project/boilerplate-project-exercisetracker/src/services/exerciseService.js","statementMap":{"0":{"start":{"line":1,"column":22},"end":{"line":1,"column":51}},"1":{"start":{"line":2,"column":20},"end":{"line":2,"column":44}},"2":{"start":{"line":14,"column":4},"end":{"line":14,"column":31}},"3":{"start":{"line":32,"column":29},"end":{"line":32,"column":51}},"4":{"start":{"line":33,"column":4},"end":{"line":35,"column":5}},"5":{"start":{"line":34,"column":6},"end":{"line":34,"column":56}},"6":{"start":{"line":38,"column":27},"end":{"line":38,"column":59}},"7":{"start":{"line":39,"column":4},"end":{"line":41,"column":5}},"8":{"start":{"line":40,"column":6},"end":{"line":40,"column":54}},"9":{"start":{"line":44,"column":31},"end":{"line":44,"column":57}},"10":{"start":{"line":45,"column":4},"end":{"line":47,"column":5}},"11":{"start":{"line":46,"column":6},"end":{"line":46,"column":58}},"12":{"start":{"line":50,"column":27},"end":{"line":50,"column":45}},"13":{"start":{"line":51,"column":4},"end":{"line":53,"column":5}},"14":{"start":{"line":52,"column":6},"end":{"line":52,"column":54}},"15":{"start":{"line":55,"column":4},"end":{"line":84,"column":5}},"16":{"start":{"line":57,"column":19},"end":{"line":57,"column":66}},"17":{"start":{"line":60,"column":27},"end":{"line":60,"column":67}},"18":{"start":{"line":63,"column":23},"end":{"line":68,"column":8}},"19":{"start":{"line":71,"column":6},"end":{"line":78,"column":8}},"20":{"start":{"line":80,"column":6},"end":{"line":82,"column":7}},"21":{"start":{"line":81,"column":8},"end":{"line":81,"column":20}},"22":{"start":{"line":83,"column":6},"end":{"line":83,"column":59}},"23":{"start":{"line":98,"column":29},"end":{"line":98,"column":51}},"24":{"start":{"line":99,"column":4},"end":{"line":101,"column":5}},"25":{"start":{"line":100,"column":6},"end":{"line":100,"column":56}},"26":{"start":{"line":104,"column":4},"end":{"line":110,"column":5}},"27":{"start":{"line":105,"column":29},"end":{"line":105,"column":55}},"28":{"start":{"line":106,"column":6},"end":{"line":108,"column":7}},"29":{"start":{"line":107,"column":8},"end":{"line":107,"column":82}},"30":{"start":{"line":109,"column":6},"end":{"line":109,"column":42}},"31":{"start":{"line":113,"column":4},"end":{"line":119,"column":5}},"32":{"start":{"line":114,"column":27},"end":{"line":114,"column":51}},"33":{"start":{"line":115,"column":6},"end":{"line":117,"column":7}},"34":{"start":{"line":116,"column":8},"end":{"line":116,"column":78}},"35":{"start":{"line":118,"column":6},"end":{"line":118,"column":38}},"36":{"start":{"line":122,"column":4},"end":{"line":128,"column":5}},"37":{"start":{"line":123,"column":30},"end":{"line":123,"column":58}},"38":{"start":{"line":124,"column":6},"end":{"line":126,"column":7}},"39":{"start":{"line":125,"column":8},"end":{"line":125,"column":57}},"40":{"start":{"line":127,"column":6},"end":{"line":127,"column":44}},"41":{"start":{"line":130,"column":4},"end":{"line":162,"column":5}},"42":{"start":{"line":132,"column":19},"end":{"line":132,"column":66}},"43":{"start":{"line":135,"column":24},"end":{"line":135,"column":83}},"44":{"start":{"line":138,"column":25},"end":{"line":141,"column":8}},"45":{"start":{"line":144,"column":19},"end":{"line":149,"column":9}},"46":{"start":{"line":144,"column":46},"end":{"line":149,"column":7}},"47":{"start":{"line":151,"column":6},"end":{"line":156,"column":8}},"48":{"start":{"line":158,"column":6},"end":{"line":160,"column":7}},"49":{"start":{"line":159,"column":8},"end":{"line":159,"column":20}},"50":{"start":{"line":161,"column":6},"end":{"line":161,"column":63}},"51":{"start":{"line":166,"column":0},"end":{"line":166,"column":33}}},"fnMap":{"0":{"name":"(anonymous_0)","decl":{"start":{"line":30,"column":2},"end":{"line":30,"column":3}},"loc":{"start":{"line":30,"column":65},"end":{"line":85,"column":3}},"line":30},"1":{"name":"(anonymous_1)","decl":{"start":{"line":96,"column":2},"end":{"line":96,"column":3}},"loc":{"start":{"line":96,"column":46},"end":{"line":163,"column":3}},"line":96},"2":{"name":"(anonymous_2)","decl":{"start":{"line":144,"column":33},"end":{"line":144,"column":34}},"loc":{"start":{"line":144,"column":46},"end":{"line":149,"column":7}},"line":144}},"branchMap":{"0":{"loc":{"start":{"line":33,"column":4},"end":{"line":35,"column":5}},"type":"if","locations":[{"start":{"line":33,"column":4},"end":{"line":35,"column":5}},{"start":{},"end":{}}],"line":33},"1":{"loc":{"start":{"line":39,"column":4},"end":{"line":41,"column":5}},"type":"if","locations":[{"start":{"line":39,"column":4},"end":{"line":41,"column":5}},{"start":{},"end":{}}],"line":39},"2":{"loc":{"start":{"line":45,"column":4},"end":{"line":47,"column":5}},"type":"if","locations":[{"start":{"line":45,"column":4},"end":{"line":47,"column":5}},{"start":{},"end":{}}],"line":45},"3":{"loc":{"start":{"line":51,"column":4},"end":{"line":53,"column":5}},"type":"if","locations":[{"start":{"line":51,"column":4},"end":{"line":53,"column":5}},{"start":{},"end":{}}],"line":51},"4":{"loc":{"start":{"line":60,"column":27},"end":{"line":60,"column":67}},"type":"binary-expr","locations":[{"start":{"line":60,"column":27},"end":{"line":60,"column":47}},{"start":{"line":60,"column":51},"end":{"line":60,"column":67}}],"line":60},"5":{"loc":{"start":{"line":80,"column":6},"end":{"line":82,"column":7}},"type":"if","locations":[{"start":{"line":80,"column":6},"end":{"line":82,"column":7}},{"start":{},"end":{}}],"line":80},"6":{"loc":{"start":{"line":80,"column":10},"end":{"line":80,"column":76}},"type":"binary-expr","locations":[{"start":{"line":80,"column":10},"end":{"line":80,"column":42}},{"start":{"line":80,"column":46},"end":{"line":80,"column":76}}],"line":80},"7":{"loc":{"start":{"line":96,"column":32},"end":{"line":96,"column":44}},"type":"default-arg","locations":[{"start":{"line":96,"column":42},"end":{"line":96,"column":44}}],"line":96},"8":{"loc":{"start":{"line":99,"column":4},"end":{"line":101,"column":5}},"type":"if","locations":[{"start":{"line":99,"column":4},"end":{"line":101,"column":5}},{"start":{},"end":{}}],"line":99},"9":{"loc":{"start":{"line":104,"column":4},"end":{"line":110,"column":5}},"type":"if","locations":[{"start":{"line":104,"column":4},"end":{"line":110,"column":5}},{"start":{},"end":{}}],"line":104},"10":{"loc":{"start":{"line":106,"column":6},"end":{"line":108,"column":7}},"type":"if","locations":[{"start":{"line":106,"column":6},"end":{"line":108,"column":7}},{"start":{},"end":{}}],"line":106},"11":{"loc":{"start":{"line":113,"column":4},"end":{"line":119,"column":5}},"type":"if","locations":[{"start":{"line":113,"column":4},"end":{"line":119,"column":5}},{"start":{},"end":{}}],"line":113},"12":{"loc":{"start":{"line":115,"column":6},"end":{"line":117,"column":7}},"type":"if","locations":[{"start":{"line":115,"column":6},"end":{"line":117,"column":7}},{"start":{},"end":{}}],"line":115},"13":{"loc":{"start":{"line":122,"column":4},"end":{"line":128,"column":5}},"type":"if","locations":[{"start":{"line":122,"column":4},"end":{"line":128,"column":5}},{"start":{},"end":{}}],"line":122},"14":{"loc":{"start":{"line":124,"column":6},"end":{"line":126,"column":7}},"type":"if","locations":[{"start":{"line":124,"column":6},"end":{"line":126,"column":7}},{"start":{},"end":{}}],"line":124},"15":{"loc":{"start":{"line":158,"column":6},"end":{"line":160,"column":7}},"type":"if","locations":[{"start":{"line":158,"column":6},"end":{"line":160,"column":7}},{"start":{},"end":{}}],"line":158},"16":{"loc":{"start":{"line":158,"column":10},"end":{"line":158,"column":76}},"type":"binary-expr","locations":[{"start":{"line":158,"column":10},"end":{"line":158,"column":42}},{"start":{"line":158,"column":46},"end":{"line":158,"column":76}}],"line":158}},"s":{"0":1,"1":1,"2":1,"3":40,"4":40,"5":1,"6":39,"7":39,"8":1,"9":38,"10":38,"11":3,"12":35,"13":35,"14":2,"15":33,"16":33,"17":32,"18":32,"19":32,"20":1,"21":1,"22":0,"23":10,"24":10,"25":0,"26":10,"27":4,"28":4,"29":1,"30":3,"31":9,"32":3,"33":3,"34":0,"35":3,"36":9,"37":3,"38":3,"39":1,"40":2,"41":8,"42":8,"43":7,"44":7,"45":7,"46":12,"47":7,"48":1,"49":1,"50":0,"51":1},"f":{"0":40,"1":10,"2":12},"b":{"0":[1,39],"1":[1,38],"2":[3,35],"3":[2,33],"4":[32,1],"5":[1,0],"6":[1,1],"7":[0],"8":[0,10],"9":[4,6],"10":[1,3],"11":[3,6],"12":[0,3],"13":[3,6],"14":[1,2],"15":[1,0],"16":[1,1]},"_coverageSchema":"1a1c01bbd47fc00a2c39e90264f33305004495a9","hash":"e137d0215da2b3f274c0e92f5bf453fb2e4a0d36"}
,"/Users/rmandal/Desktop/api-project/boilerplate-project-exercisetracker/src/services/userService.js": {"path":"/Users/rmandal/Desktop/api-project/boilerplate-project-exercisetracker/src/services/userService.js","statementMap":{"0":{"start":{"line":1,"column":18},"end":{"line":1,"column":43}},"1":{"start":{"line":8,"column":4},"end":{"line":8,"column":31}},"2":{"start":{"line":22,"column":23},"end":{"line":22,"column":49}},"3":{"start":{"line":23,"column":4},"end":{"line":25,"column":5}},"4":{"start":{"line":24,"column":6},"end":{"line":24,"column":50}},"5":{"start":{"line":27,"column":4},"end":{"line":45,"column":5}},"6":{"start":{"line":29,"column":27},"end":{"line":29,"column":69}},"7":{"start":{"line":30,"column":6},"end":{"line":32,"column":7}},"8":{"start":{"line":31,"column":8},"end":{"line":31,"column":61}},"9":{"start":{"line":35,"column":19},"end":{"line":35,"column":53}},"10":{"start":{"line":36,"column":6},"end":{"line":36,"column":18}},"11":{"start":{"line":38,"column":6},"end":{"line":40,"column":7}},"12":{"start":{"line":39,"column":8},"end":{"line":39,"column":61}},"13":{"start":{"line":41,"column":6},"end":{"line":43,"column":7}},"14":{"start":{"line":42,"column":8},"end":{"line":42,"column":20}},"15":{"start":{"line":44,"column":6},"end":{"line":44,"column":55}},"16":{"start":{"line":53,"column":4},"end":{"line":57,"column":5}},"17":{"start":{"line":54,"column":6},"end":{"line":54,"column":33}},"18":{"start":{"line":56,"column":6},"end":{"line":56,"column":55}},"19":{"start":{"line":67,"column":23},"end":{"line":67,"column":45}},"20":{"start":{"line":68,"column":4},"end":{"line":70,"column":5}},"21":{"start":{"line":69,"column":6},"end":{"line":69,"column":50}},"22":{"start":{"line":72,"column":4},"end":{"line":83,"column":5}},"23":{"start":{"line":73,"column":19},"end":{"line":73,"column":55}},"24":{"start":{"line":74,"column":6},"end":{"line":76,"column":7}},"25":{"start":{"line":75,"column":8},"end":{"line":75,"column":50}},"26":{"start":{"line":77,"column":6},"end":{"line":77,"column":18}},"27":{"start":{"line":79,"column":6},"end":{"line":81,"column":7}},"28":{"start":{"line":80,"column":8},"end":{"line":80,"column":20}},"29":{"start":{"line":82,"column":6},"end":{"line":82,"column":54}},"30":{"start":{"line":92,"column":4},"end":{"line":96,"column":5}},"31":{"start":{"line":93,"column":6},"end":{"line":93,"column":38}},"32":{"start":{"line":95,"column":6},"end":{"line":95,"column":64}},"33":{"start":{"line":100,"column":0},"end":{"line":100,"column":29}}},"fnMap":{"0":{"name":"(anonymous_0)","decl":{"start":{"line":20,"column":2},"end":{"line":20,"column":3}},"loc":{"start":{"line":20,"column":30},"end":{"line":46,"column":3}},"line":20},"1":{"name":"(anonymous_1)","decl":{"start":{"line":52,"column":2},"end":{"line":52,"column":3}},"loc":{"start":{"line":52,"column":23},"end":{"line":58,"column":3}},"line":52},"2":{"name":"(anonymous_2)","decl":{"start":{"line":65,"column":2},"end":{"line":65,"column":3}},"loc":{"start":{"line":65,"column":29},"end":{"line":84,"column":3}},"line":65},"3":{"name":"(anonymous_3)","decl":{"start":{"line":91,"column":2},"end":{"line":91,"column":3}},"loc":{"start":{"line":91,"column":28},"end":{"line":97,"column":3}},"line":91}},"branchMap":{"0":{"loc":{"start":{"line":23,"column":4},"end":{"line":25,"column":5}},"type":"if","locations":[{"start":{"line":23,"column":4},"end":{"line":25,"column":5}},{"start":{},"end":{}}],"line":23},"1":{"loc":{"start":{"line":30,"column":6},"end":{"line":32,"column":7}},"type":"if","locations":[{"start":{"line":30,"column":6},"end":{"line":32,"column":7}},{"start":{},"end":{}}],"line":30},"2":{"loc":{"start":{"line":38,"column":6},"end":{"line":40,"column":7}},"type":"if","locations":[{"start":{"line":38,"column":6},"end":{"line":40,"column":7}},{"start":{},"end":{}}],"line":38},"3":{"loc":{"start":{"line":41,"column":6},"end":{"line":43,"column":7}},"type":"if","locations":[{"start":{"line":41,"column":6},"end":{"line":43,"column":7}},{"start":{},"end":{}}],"line":41},"4":{"loc":{"start":{"line":68,"column":4},"end":{"line":70,"column":5}},"type":"if","locations":[{"start":{"line":68,"column":4},"end":{"line":70,"column":5}},{"start":{},"end":{}}],"line":68},"5":{"loc":{"start":{"line":74,"column":6},"end":{"line":76,"column":7}},"type":"if","locations":[{"start":{"line":74,"column":6},"end":{"line":76,"column":7}},{"start":{},"end":{}}],"line":74},"6":{"loc":{"start":{"line":79,"column":6},"end":{"line":81,"column":7}},"type":"if","locations":[{"start":{"line":79,"column":6},"end":{"line":81,"column":7}},{"start":{},"end":{}}],"line":79}},"s":{"0":1,"1":1,"2":29,"3":29,"4":3,"5":26,"6":26,"7":26,"8":1,"9":25,"10":25,"11":1,"12":0,"13":1,"14":1,"15":0,"16":2,"17":2,"18":0,"19":41,"20":41,"21":0,"22":41,"23":41,"24":41,"25":2,"26":39,"27":2,"28":2,"29":0,"30":0,"31":0,"32":0,"33":1},"f":{"0":29,"1":2,"2":41,"3":0},"b":{"0":[3,26],"1":[1,25],"2":[0,1],"3":[1,0],"4":[0,41],"5":[2,39],"6":[2,0]},"_coverageSchema":"1a1c01bbd47fc00a2c39e90264f33305004495a9","hash":"4feadce27338d265eaee6a1d9c31e86b4a862d6b"}
,"/Users/rmandal/Desktop/api-project/boilerplate-project-exercisetracker/src/utils/helpers.js": {"path":"/Users/rmandal/Desktop/api-project/boilerplate-project-exercisetracker/src/utils/helpers.js","statementMap":{"0":{"start":{"line":10,"column":4},"end":{"line":10,"column":19}},"1":{"start":{"line":11,"column":4},"end":{"line":11,"column":33}},"2":{"start":{"line":12,"column":4},"end":{"line":12,"column":30}},"3":{"start":{"line":13,"column":4},"end":{"line":13,"column":52}},"4":{"start":{"line":19,"column":4},"end":{"line":19,"column":24}},"5":{"start":{"line":25,"column":4},"end":{"line":25,"column":24}},"6":{"start":{"line":31,"column":4},"end":{"line":31,"column":24}},"7":{"start":{"line":41,"column":14},"end":{"line":41,"column":24}},"8":{"start":{"line":42,"column":2},"end":{"line":42,"column":35}},"9":{"start":{"line":49,"column":15},"end":{"line":49,"column":36}},"10":{"start":{"line":50,"column":16},"end":{"line":50,"column":63}},"11":{"start":{"line":51,"column":14},"end":{"line":51,"column":56}},"12":{"start":{"line":52,"column":2},"end":{"line":52,"column":35}},"13":{"start":{"line":59,"column":15},"end":{"line":59,"column":54}},"14":{"start":{"line":60,"column":2},"end":{"line":60,"column":29}},"15":{"start":{"line":69,"column":2},"end":{"line":71,"column":3}},"16":{"start":{"line":70,"column":4},"end":{"line":70,"column":80}},"17":{"start":{"line":73,"column":18},"end":{"line":73,"column":33}},"18":{"start":{"line":74,"column":2},"end":{"line":76,"column":3}},"19":{"start":{"line":75,"column":4},"end":{"line":75,"column":63}},"20":{"start":{"line":78,"column":2},"end":{"line":80,"column":3}},"21":{"start":{"line":79,"column":4},"end":{"line":79,"column":77}},"22":{"start":{"line":82,"column":24},"end":{"line":82,"column":42}},"23":{"start":{"line":83,"column":2},"end":{"line":85,"column":3}},"24":{"start":{"line":84,"column":4},"end":{"line":84,"column":107}},"25":{"start":{"line":87,"column":2},"end":{"line":87,"column":54}},"26":{"start":{"line":94,"column":2},"end":{"line":96,"column":3}},"27":{"start":{"line":95,"column":4},"end":{"line":95,"column":83}},"28":{"start":{"line":98,"column":18},"end":{"line":98,"column":36}},"29":{"start":{"line":99,"column":2},"end":{"line":101,"column":3}},"30":{"start":{"line":100,"column":4},"end":{"line":100,"column":66}},"31":{"start":{"line":103,"column":2},"end":{"line":105,"column":3}},"32":{"start":{"line":104,"column":4},"end":{"line":104,"column":81}},"33":{"start":{"line":107,"column":2},"end":{"line":107,"column":54}},"34":{"start":{"line":114,"column":2},"end":{"line":116,"column":3}},"35":{"start":{"line":115,"column":4},"end":{"line":115,"column":59}},"36":{"start":{"line":118,"column":14},"end":{"line":118,"column":30}},"37":{"start":{"line":120,"column":2},"end":{"line":122,"column":3}},"38":{"start":{"line":121,"column":4},"end":{"line":121,"column":70}},"39":{"start":{"line":124,"column":2},"end":{"line":126,"column":3}},"40":{"start":{"line":125,"column":4},"end":{"line":125,"column":66}},"41":{"start":{"line":128,"column":2},"end":{"line":130,"column":3}},"42":{"start":{"line":129,"column":4},"end":{"line":129,"column":74}},"43":{"start":{"line":132,"column":2},"end":{"line":134,"column":3}},"44":{"start":{"line":133,"column":4},"end":{"line":133,"column":77}},"45":{"start":{"line":136,"column":2},"end":{"line":136,"column":50}},"46":{"start":{"line":143,"column":2},"end":{"line":145,"column":3}},"47":{"start":{"line":144,"column":4},"end":{"line":144,"column":53}},"48":{"start":{"line":147,"column":20},"end":{"line":147,"column":41}},"49":{"start":{"line":148,"column":2},"end":{"line":150,"column":3}},"50":{"start":{"line":149,"column":4},"end":{"line":149,"column":72}},"51":{"start":{"line":152,"column":15},"end":{"line":152,"column":54}},"52":{"start":{"line":154,"column":2},"end":{"line":156,"column":3}},"53":{"start":{"line":155,"column":4},"end":{"line":155,"column":51}},"54":{"start":{"line":158,"column":16},"end":{"line":158,"column":37}},"55":{"start":{"line":159,"column":15},"end":{"line":159,"column":37}},"56":{"start":{"line":160,"column":16},"end":{"line":160,"column":38}},"57":{"start":{"line":161,"column":14},"end":{"line":161,"column":36}},"58":{"start":{"line":163,"column":2},"end":{"line":167,"column":3}},"59":{"start":{"line":166,"column":4},"end":{"line":166,"column":51}},"60":{"start":{"line":169,"column":2},"end":{"line":169,"column":57}},"61":{"start":{"line":176,"column":2},"end":{"line":178,"column":3}},"62":{"start":{"line":177,"column":4},"end":{"line":177,"column":58}},"63":{"start":{"line":180,"column":14},"end":{"line":180,"column":24}},"64":{"start":{"line":182,"column":2},"end":{"line":184,"column":3}},"65":{"start":{"line":183,"column":4},"end":{"line":183,"column":73}},"66":{"start":{"line":186,"column":2},"end":{"line":186,"column":50}},"67":{"start":{"line":193,"column":2},"end":{"line":195,"column":3}},"68":{"start":{"line":194,"column":4},"end":{"line":194,"column":53}},"69":{"start":{"line":197,"column":14},"end":{"line":197,"column":27}},"70":{"start":{"line":199,"column":2},"end":{"line":201,"column":3}},"71":{"start":{"line":200,"column":4},"end":{"line":200,"column":71}},"72":{"start":{"line":203,"column":2},"end":{"line":205,"column":3}},"73":{"start":{"line":204,"column":4},"end":{"line":204,"column":63}},"74":{"start":{"line":207,"column":2},"end":{"line":207,"column":50}},"75":{"start":{"line":212,"column":0},"end":{"line":231,"column":2}}},"fnMap":{"0":{"name":"(anonymous_0)","decl":{"start":{"line":9,"column":2},"end":{"line":9,"column":3}},"loc":{"start":{"line":9,"column":35},"end":{"line":14,"column":3}},"line":9},"1":{"name":"(anonymous_1)","decl":{"start":{"line":18,"column":2},"end":{"line":18,"column":3}},"loc":{"start":{"line":18,"column":23},"end":{"line":20,"column":3}},"line":18},"2":{"name":"(anonymous_2)","decl":{"start":{"line":24,"column":2},"end":{"line":24,"column":3}},"loc":{"start":{"line":24,"column":23},"end":{"line":26,"column":3}},"line":24},"3":{"name":"(anonymous_3)","decl":{"start":{"line":30,"column":2},"end":{"line":30,"column":3}},"loc":{"start":{"line":30,"column":23},"end":{"line":32,"column":3}},"line":30},"4":{"name":"getCurrentDate","decl":{"start":{"line":40,"column":9},"end":{"line":40,"column":23}},"loc":{"start":{"line":40,"column":26},"end":{"line":43,"column":1}},"line":40},"5":{"name":"formatDateToYYYYMMDD","decl":{"start":{"line":48,"column":9},"end":{"line":48,"column":29}},"loc":{"start":{"line":48,"column":36},"end":{"line":53,"column":1}},"line":48},"6":{"name":"formatDateString","decl":{"start":{"line":58,"column":9},"end":{"line":58,"column":25}},"loc":{"start":{"line":58,"column":38},"end":{"line":61,"column":1}},"line":58},"7":{"name":"validateUsername","decl":{"start":{"line":68,"column":9},"end":{"line":68,"column":25}},"loc":{"start":{"line":68,"column":36},"end":{"line":88,"column":1}},"line":68},"8":{"name":"validateDescription","decl":{"start":{"line":93,"column":9},"end":{"line":93,"column":28}},"loc":{"start":{"line":93,"column":42},"end":{"line":108,"column":1}},"line":93},"9":{"name":"validateDuration","decl":{"start":{"line":113,"column":9},"end":{"line":113,"column":25}},"loc":{"start":{"line":113,"column":36},"end":{"line":137,"column":1}},"line":113},"10":{"name":"validateDate","decl":{"start":{"line":142,"column":9},"end":{"line":142,"column":21}},"loc":{"start":{"line":142,"column":34},"end":{"line":170,"column":1}},"line":142},"11":{"name":"validateUserId","decl":{"start":{"line":175,"column":9},"end":{"line":175,"column":23}},"loc":{"start":{"line":175,"column":28},"end":{"line":187,"column":1}},"line":175},"12":{"name":"validateLimit","decl":{"start":{"line":192,"column":9},"end":{"line":192,"column":22}},"loc":{"start":{"line":192,"column":30},"end":{"line":208,"column":1}},"line":192}},"branchMap":{"0":{"loc":{"start":{"line":69,"column":2},"end":{"line":71,"column":3}},"type":"if","locations":[{"start":{"line":69,"column":2},"end":{"line":71,"column":3}},{"start":{},"end":{}}],"line":69},"1":{"loc":{"start":{"line":69,"column":6},"end":{"line":69,"column":47}},"type":"binary-expr","locations":[{"start":{"line":69,"column":6},"end":{"line":69,"column":15}},{"start":{"line":69,"column":19},"end":{"line":69,"column":47}}],"line":69},"2":{"loc":{"start":{"line":74,"column":2},"end":{"line":76,"column":3}},"type":"if","locations":[{"start":{"line":74,"column":2},"end":{"line":76,"column":3}},{"start":{},"end":{}}],"line":74},"3":{"loc":{"start":{"line":78,"column":2},"end":{"line":80,"column":3}},"type":"if","locations":[{"start":{"line":78,"column":2},"end":{"line":80,"column":3}},{"start":{},"end":{}}],"line":78},"4":{"loc":{"start":{"line":83,"column":2},"end":{"line":85,"column":3}},"type":"if","locations":[{"start":{"line":83,"column":2},"end":{"line":85,"column":3}},{"start":{},"end":{}}],"line":83},"5":{"loc":{"start":{"line":94,"column":2},"end":{"line":96,"column":3}},"type":"if","locations":[{"start":{"line":94,"column":2},"end":{"line":96,"column":3}},{"start":{},"end":{}}],"line":94},"6":{"loc":{"start":{"line":94,"column":6},"end":{"line":94,"column":53}},"type":"binary-expr","locations":[{"start":{"line":94,"column":6},"end":{"line":94,"column":18}},{"start":{"line":94,"column":22},"end":{"line":94,"column":53}}],"line":94},"7":{"loc":{"start":{"line":99,"column":2},"end":{"line":101,"column":3}},"type":"if","locations":[{"start":{"line":99,"column":2},"end":{"line":101,"column":3}},{"start":{},"end":{}}],"line":99},"8":{"loc":{"start":{"line":103,"column":2},"end":{"line":105,"column":3}},"type":"if","locations":[{"start":{"line":103,"column":2},"end":{"line":105,"column":3}},{"start":{},"end":{}}],"line":103},"9":{"loc":{"start":{"line":114,"column":2},"end":{"line":116,"column":3}},"type":"if","locations":[{"start":{"line":114,"column":2},"end":{"line":116,"column":3}},{"start":{},"end":{}}],"line":114},"10":{"loc":{"start":{"line":114,"column":6},"end":{"line":114,"column":68}},"type":"binary-expr","locations":[{"start":{"line":114,"column":6},"end":{"line":114,"column":28}},{"start":{"line":114,"column":32},"end":{"line":114,"column":49}},{"start":{"line":114,"column":53},"end":{"line":114,"column":68}}],"line":114},"11":{"loc":{"start":{"line":120,"column":2},"end":{"line":122,"column":3}},"type":"if","locations":[{"start":{"line":120,"column":2},"end":{"line":122,"column":3}},{"start":{},"end":{}}],"line":120},"12":{"loc":{"start":{"line":124,"column":2},"end":{"line":126,"column":3}},"type":"if","locations":[{"start":{"line":124,"column":2},"end":{"line":126,"column":3}},{"start":{},"end":{}}],"line":124},"13":{"loc":{"start":{"line":128,"column":2},"end":{"line":130,"column":3}},"type":"if","locations":[{"start":{"line":128,"column":2},"end":{"line":130,"column":3}},{"start":{},"end":{}}],"line":128},"14":{"loc":{"start":{"line":132,"column":2},"end":{"line":134,"column":3}},"type":"if","locations":[{"start":{"line":132,"column":2},"end":{"line":134,"column":3}},{"start":{},"end":{}}],"line":132},"15":{"loc":{"start":{"line":143,"column":2},"end":{"line":145,"column":3}},"type":"if","locations":[{"start":{"line":143,"column":2},"end":{"line":145,"column":3}},{"start":{},"end":{}}],"line":143},"16":{"loc":{"start":{"line":148,"column":2},"end":{"line":150,"column":3}},"type":"if","locations":[{"start":{"line":148,"column":2},"end":{"line":150,"column":3}},{"start":{},"end":{}}],"line":148},"17":{"loc":{"start":{"line":154,"column":2},"end":{"line":156,"column":3}},"type":"if","locations":[{"start":{"line":154,"column":2},"end":{"line":156,"column":3}},{"start":{},"end":{}}],"line":154},"18":{"loc":{"start":{"line":163,"column":2},"end":{"line":167,"column":3}},"type":"if","locations":[{"start":{"line":163,"column":2},"end":{"line":167,"column":3}},{"start":{},"end":{}}],"line":163},"19":{"loc":{"start":{"line":163,"column":6},"end":{"line":165,"column":31}},"type":"binary-expr","locations":[{"start":{"line":163,"column":6},"end":{"line":163,"column":36}},{"start":{"line":164,"column":6},"end":{"line":164,"column":38}},{"start":{"line":165,"column":6},"end":{"line":165,"column":31}}],"line":163},"20":{"loc":{"start":{"line":176,"column":2},"end":{"line":178,"column":3}},"type":"if","locations":[{"start":{"line":176,"column":2},"end":{"line":178,"column":3}},{"start":{},"end":{}}],"line":176},"21":{"loc":{"start":{"line":182,"column":2},"end":{"line":184,"column":3}},"type":"if","locations":[{"start":{"line":182,"column":2},"end":{"line":184,"column":3}},{"start":{},"end":{}}],"line":182},"22":{"loc":{"start":{"line":182,"column":6},"end":{"line":182,"column":54}},"type":"binary-expr","locations":[{"start":{"line":182,"column":6},"end":{"line":182,"column":16}},{"start":{"line":182,"column":20},"end":{"line":182,"column":42}},{"start":{"line":182,"column":46},"end":{"line":182,"column":54}}],"line":182},"23":{"loc":{"start":{"line":193,"column":2},"end":{"line":195,"column":3}},"type":"if","locations":[{"start":{"line":193,"column":2},"end":{"line":195,"column":3}},{"start":{},"end":{}}],"line":193},"24":{"loc":{"start":{"line":199,"column":2},"end":{"line":201,"column":3}},"type":"if","locations":[{"start":{"line":199,"column":2},"end":{"line":201,"column":3}},{"start":{},"end":{}}],"line":199},"25":{"loc":{"start":{"line":199,"column":6},"end":{"line":199,"column":54}},"type":"binary-expr","locations":[{"start":{"line":199,"column":6},"end":{"line":199,"column":16}},{"start":{"line":199,"column":20},"end":{"line":199,"column":42}},{"start":{"line":199,"column":46},"end":{"line":199,"column":54}}],"line":199},"26":{"loc":{"start":{"line":203,"column":2},"end":{"line":205,"column":3}},"type":"if","locations":[{"start":{"line":203,"column":2},"end":{"line":205,"column":3}},{"start":{},"end":{}}],"line":203}},"s":{"0":15,"1":15,"2":15,"3":15,"4":13,"5":2,"6":0,"7":1,"8":1,"9":1,"10":1,"11":1,"12":1,"13":44,"14":44,"15":29,"16":2,"17":27,"18":27,"19":0,"20":27,"21":0,"22":27,"23":27,"24":1,"25":26,"26":39,"27":1,"28":38,"29":38,"30":0,"31":38,"32":0,"33":38,"34":38,"35":1,"36":37,"37":37,"38":1,"39":36,"40":0,"41":36,"42":1,"43":35,"44":0,"45":35,"46":42,"47":2,"48":40,"49":40,"50":2,"51":38,"52":38,"53":0,"54":38,"55":38,"56":38,"57":38,"58":38,"59":1,"60":37,"61":91,"62":0,"63":91,"64":91,"65":1,"66":90,"67":3,"68":0,"69":3,"70":3,"71":1,"72":2,"73":0,"74":2,"75":1},"f":{"0":15,"1":13,"2":2,"3":0,"4":1,"5":1,"6":44,"7":29,"8":39,"9":38,"10":42,"11":91,"12":3},"b":{"0":[2,27],"1":[29,27],"2":[0,27],"3":[0,27],"4":[1,26],"5":[1,38],"6":[39,38],"7":[0,38],"8":[0,38],"9":[1,37],"10":[38,37,37],"11":[1,36],"12":[0,36],"13":[1,35],"14":[0,35],"15":[2,40],"16":[2,38],"17":[0,38],"18":[1,37],"19":[38,38,37],"20":[0,91],"21":[1,90],"22":[91,90,90],"23":[0,3],"24":[1,2],"25":[3,2,2],"26":[0,2]},"_coverageSchema":"1a1c01bbd47fc00a2c39e90264f33305004495a9","hash":"623f4ccaf192a0c3be80b04f5636193f43677f09"}
}
