TN:
SF:index.js
FN:28,(anonymous_0)
FN:44,(anonymous_1)
FNF:2
FNH:0
FNDA:0,(anonymous_0)
FNDA:0,(anonymous_1)
DA:1,1
DA:2,1
DA:3,1
DA:4,1
DA:6,1
DA:7,1
DA:8,1
DA:11,1
DA:14,1
DA:15,1
DA:17,0
DA:18,0
DA:22,1
DA:23,1
DA:24,1
DA:25,1
DA:28,1
DA:29,0
DA:33,1
DA:36,1
DA:39,1
DA:42,1
DA:43,0
DA:44,0
DA:45,0
DA:49,1
LF:26
LH:20
BRDA:42,0,0,0
BRDA:42,0,1,1
BRDA:43,1,0,0
BRDA:43,1,1,0
BRF:4
BRH:1
end_of_record
TN:
SF:src/controllers/index.js
FN:14,createUser
FN:31,getAllUsers
FN:45,createExercise
FN:71,getExerciseLogs
FNF:4
FNH:4
FNDA:29,createUser
FNDA:2,getAllUsers
FNDA:40,createExercise
FNDA:10,getExerciseLogs
DA:1,1
DA:2,1
DA:15,29
DA:16,29
DA:17,29
DA:19,25
DA:24,4
DA:32,2
DA:33,2
DA:34,2
DA:36,0
DA:46,40
DA:47,40
DA:48,40
DA:50,40
DA:56,32
DA:64,8
DA:72,10
DA:73,10
DA:74,10
DA:76,10
DA:82,7
DA:89,3
DA:93,1
LF:24
LH:23
BRF:0
BRH:0
end_of_record
TN:
SF:src/database/db.js
FNF:0
FNH:0
DA:1,1
DA:2,1
DA:5,1
DA:10,1
DA:12,1
LF:5
LH:5
BRDA:6,0,0,0
BRDA:6,0,1,1
BRF:2
BRH:1
end_of_record
TN:
SF:src/database/migrations.js
FN:6,runMigrations
FNF:1
FNH:1
FNDA:1,runMigrations
DA:1,1
DA:7,1
DA:9,1
DA:18,1
DA:31,1
DA:37,1
DA:42,1
DA:44,0
DA:45,0
DA:49,1
LF:10
LH:8
BRF:0
BRH:0
end_of_record
TN:
SF:src/middleware/errorHandler.js
FN:5,errorHandler
FN:43,notFoundHandler
FNF:2
FNH:1
FNDA:15,errorHandler
FNDA:0,notFoundHandler
DA:7,15
DA:8,15
DA:11,15
DA:12,0
DA:13,0
DA:14,0
DA:16,0
DA:18,15
DA:19,0
DA:20,0
DA:22,0
DA:26,15
DA:27,0
DA:31,15
DA:32,0
DA:35,15
DA:44,0
DA:49,1
LF:18
LH:8
BRDA:7,0,0,15
BRDA:7,0,1,0
BRDA:8,1,0,15
BRDA:8,1,1,0
BRDA:11,2,0,0
BRDA:11,2,1,15
BRDA:11,3,0,15
BRDA:11,3,1,15
BRDA:13,4,0,0
BRDA:13,4,1,0
BRDA:18,5,0,0
BRDA:18,5,1,15
BRDA:18,6,0,15
BRDA:18,6,1,0
BRDA:26,7,0,0
BRDA:26,7,1,15
BRDA:26,8,0,15
BRDA:26,8,1,0
BRDA:26,8,2,0
BRDA:31,9,0,0
BRDA:31,9,1,15
BRF:21
BRH:10
end_of_record
TN:
SF:src/models/Exercise.js
FN:17,(anonymous_0)
FN:42,(anonymous_1)
FN:78,(anonymous_2)
FNF:3
FNH:3
FNDA:32,(anonymous_0)
FNDA:7,(anonymous_1)
FNDA:7,(anonymous_2)
DA:1,1
DA:18,32
DA:22,32
DA:24,32
DA:43,7
DA:44,7
DA:47,7
DA:48,3
DA:49,3
DA:52,7
DA:53,3
DA:54,3
DA:58,7
DA:61,7
DA:62,2
DA:63,2
DA:66,7
DA:67,7
DA:79,7
DA:80,7
DA:82,7
DA:83,3
DA:84,3
DA:87,7
DA:88,3
DA:89,3
DA:92,7
DA:93,7
DA:94,7
DA:98,1
LF:30
LH:30
BRDA:42,0,0,0
BRDA:47,1,0,3
BRDA:47,1,1,4
BRDA:52,2,0,3
BRDA:52,2,1,4
BRDA:61,3,0,2
BRDA:61,3,1,5
BRDA:78,4,0,0
BRDA:82,5,0,3
BRDA:82,5,1,4
BRDA:87,6,0,3
BRDA:87,6,1,4
BRF:12
BRH:10
end_of_record
TN:
SF:src/models/User.js
FN:13,(anonymous_0)
FN:27,(anonymous_1)
FN:37,(anonymous_2)
FN:46,(anonymous_3)
FN:56,(anonymous_4)
FNF:5
FNH:4
FNDA:25,(anonymous_0)
FNDA:41,(anonymous_1)
FNDA:26,(anonymous_2)
FNDA:2,(anonymous_3)
FNDA:0,(anonymous_4)
DA:1,1
DA:14,25
DA:15,25
DA:16,25
DA:28,41
DA:29,41
DA:38,26
DA:39,26
DA:47,2
DA:48,2
DA:57,0
DA:58,0
DA:59,0
DA:63,1
LF:14
LH:11
BRF:0
BRH:0
end_of_record
TN:
SF:src/routes/api.js
FNF:0
FNH:0
DA:1,1
DA:7,1
DA:9,1
DA:12,1
DA:13,1
DA:16,1
DA:17,1
DA:19,1
LF:8
LH:8
BRF:0
BRH:0
end_of_record
TN:
SF:src/services/exerciseService.js
FN:30,(anonymous_0)
FN:96,(anonymous_1)
FN:144,(anonymous_2)
FNF:3
FNH:3
FNDA:40,(anonymous_0)
FNDA:10,(anonymous_1)
FNDA:12,(anonymous_2)
DA:1,1
DA:2,1
DA:14,1
DA:32,40
DA:33,40
DA:34,1
DA:38,39
DA:39,39
DA:40,1
DA:44,38
DA:45,38
DA:46,3
DA:50,35
DA:51,35
DA:52,2
DA:55,33
DA:57,33
DA:60,32
DA:63,32
DA:71,32
DA:80,1
DA:81,1
DA:83,0
DA:98,10
DA:99,10
DA:100,0
DA:104,10
DA:105,4
DA:106,4
DA:107,1
DA:109,3
DA:113,9
DA:114,3
DA:115,3
DA:116,0
DA:118,3
DA:122,9
DA:123,3
DA:124,3
DA:125,1
DA:127,2
DA:130,8
DA:132,8
DA:135,7
DA:138,7
DA:144,12
DA:151,7
DA:158,1
DA:159,1
DA:161,0
DA:166,1
LF:51
LH:47
BRDA:33,0,0,1
BRDA:33,0,1,39
BRDA:39,1,0,1
BRDA:39,1,1,38
BRDA:45,2,0,3
BRDA:45,2,1,35
BRDA:51,3,0,2
BRDA:51,3,1,33
BRDA:60,4,0,32
BRDA:60,4,1,1
BRDA:80,5,0,1
BRDA:80,5,1,0
BRDA:80,6,0,1
BRDA:80,6,1,1
BRDA:96,7,0,0
BRDA:99,8,0,0
BRDA:99,8,1,10
BRDA:104,9,0,4
BRDA:104,9,1,6
BRDA:106,10,0,1
BRDA:106,10,1,3
BRDA:113,11,0,3
BRDA:113,11,1,6
BRDA:115,12,0,0
BRDA:115,12,1,3
BRDA:122,13,0,3
BRDA:122,13,1,6
BRDA:124,14,0,1
BRDA:124,14,1,2
BRDA:158,15,0,1
BRDA:158,15,1,0
BRDA:158,16,0,1
BRDA:158,16,1,1
BRF:33
BRH:28
end_of_record
TN:
SF:src/services/userService.js
FN:20,(anonymous_0)
FN:52,(anonymous_1)
FN:65,(anonymous_2)
FN:91,(anonymous_3)
FNF:4
FNH:3
FNDA:29,(anonymous_0)
FNDA:2,(anonymous_1)
FNDA:41,(anonymous_2)
FNDA:0,(anonymous_3)
DA:1,1
DA:8,1
DA:22,29
DA:23,29
DA:24,3
DA:27,26
DA:29,26
DA:30,26
DA:31,1
DA:35,25
DA:36,25
DA:38,1
DA:39,0
DA:41,1
DA:42,1
DA:44,0
DA:53,2
DA:54,2
DA:56,0
DA:67,41
DA:68,41
DA:69,0
DA:72,41
DA:73,41
DA:74,41
DA:75,2
DA:77,39
DA:79,2
DA:80,2
DA:82,0
DA:92,0
DA:93,0
DA:95,0
DA:100,1
LF:34
LH:26
BRDA:23,0,0,3
BRDA:23,0,1,26
BRDA:30,1,0,1
BRDA:30,1,1,25
BRDA:38,2,0,0
BRDA:38,2,1,1
BRDA:41,3,0,1
BRDA:41,3,1,0
BRDA:68,4,0,0
BRDA:68,4,1,41
BRDA:74,5,0,2
BRDA:74,5,1,39
BRDA:79,6,0,2
BRDA:79,6,1,0
BRF:14
BRH:10
end_of_record
TN:
SF:src/utils/helpers.js
FN:9,(anonymous_0)
FN:18,(anonymous_1)
FN:24,(anonymous_2)
FN:30,(anonymous_3)
FN:40,getCurrentDate
FN:48,formatDateToYYYYMMDD
FN:58,formatDateString
FN:68,validateUsername
FN:93,validateDescription
FN:113,validateDuration
FN:142,validateDate
FN:175,validateUserId
FN:192,validateLimit
FNF:13
FNH:12
FNDA:15,(anonymous_0)
FNDA:13,(anonymous_1)
FNDA:2,(anonymous_2)
FNDA:0,(anonymous_3)
FNDA:1,getCurrentDate
FNDA:1,formatDateToYYYYMMDD
FNDA:44,formatDateString
FNDA:29,validateUsername
FNDA:39,validateDescription
FNDA:38,validateDuration
FNDA:42,validateDate
FNDA:91,validateUserId
FNDA:3,validateLimit
DA:10,15
DA:11,15
DA:12,15
DA:13,15
DA:19,13
DA:25,2
DA:31,0
DA:41,1
DA:42,1
DA:49,1
DA:50,1
DA:51,1
DA:52,1
DA:59,44
DA:60,44
DA:69,29
DA:70,2
DA:73,27
DA:74,27
DA:75,0
DA:78,27
DA:79,0
DA:82,27
DA:83,27
DA:84,1
DA:87,26
DA:94,39
DA:95,1
DA:98,38
DA:99,38
DA:100,0
DA:103,38
DA:104,0
DA:107,38
DA:114,38
DA:115,1
DA:118,37
DA:120,37
DA:121,1
DA:124,36
DA:125,0
DA:128,36
DA:129,1
DA:132,35
DA:133,0
DA:136,35
DA:143,42
DA:144,2
DA:147,40
DA:148,40
DA:149,2
DA:152,38
DA:154,38
DA:155,0
DA:158,38
DA:159,38
DA:160,38
DA:161,38
DA:163,38
DA:166,1
DA:169,37
DA:176,91
DA:177,0
DA:180,91
DA:182,91
DA:183,1
DA:186,90
DA:193,3
DA:194,0
DA:197,3
DA:199,3
DA:200,1
DA:203,2
DA:204,0
DA:207,2
DA:212,1
LF:76
LH:65
BRDA:69,0,0,2
BRDA:69,0,1,27
BRDA:69,1,0,29
BRDA:69,1,1,27
BRDA:74,2,0,0
BRDA:74,2,1,27
BRDA:78,3,0,0
BRDA:78,3,1,27
BRDA:83,4,0,1
BRDA:83,4,1,26
BRDA:94,5,0,1
BRDA:94,5,1,38
BRDA:94,6,0,39
BRDA:94,6,1,38
BRDA:99,7,0,0
BRDA:99,7,1,38
BRDA:103,8,0,0
BRDA:103,8,1,38
BRDA:114,9,0,1
BRDA:114,9,1,37
BRDA:114,10,0,38
BRDA:114,10,1,37
BRDA:114,10,2,37
BRDA:120,11,0,1
BRDA:120,11,1,36
BRDA:124,12,0,0
BRDA:124,12,1,36
BRDA:128,13,0,1
BRDA:128,13,1,35
BRDA:132,14,0,0
BRDA:132,14,1,35
BRDA:143,15,0,2
BRDA:143,15,1,40
BRDA:148,16,0,2
BRDA:148,16,1,38
BRDA:154,17,0,0
BRDA:154,17,1,38
BRDA:163,18,0,1
BRDA:163,18,1,37
BRDA:163,19,0,38
BRDA:163,19,1,38
BRDA:163,19,2,37
BRDA:176,20,0,0
BRDA:176,20,1,91
BRDA:182,21,0,1
BRDA:182,21,1,90
BRDA:182,22,0,91
BRDA:182,22,1,90
BRDA:182,22,2,90
BRDA:193,23,0,0
BRDA:193,23,1,3
BRDA:199,24,0,1
BRDA:199,24,1,2
BRDA:199,25,0,3
BRDA:199,25,1,2
BRDA:199,25,2,2
BRDA:203,26,0,0
BRDA:203,26,1,2
BRF:58
BRH:48
end_of_record
